<?xml version="1.0" encoding="UTF-8"?>
<testng-results total="3" passed="3" failed="0" skipped="0">
  <reporter-output>
  </reporter-output>
  <suite started-at="2022-10-20T12:24:22Z" name="Surefire suite" finished-at="2022-10-20T12:26:53Z" duration-ms="150734">
    <groups>
    </groups>
    <test started-at="2022-10-20T12:24:22Z" name="Surefire test" finished-at="2022-10-20T12:26:53Z" duration-ms="150734">
      <class name="casestudy.testng">
        <test-method is-config="true" signature="BT()[pri:0, instance:casestudy.testng@130f889]" started-at="2022-10-20T17:54:22Z" name="BT" finished-at="2022-10-20T17:55:25Z" duration-ms="63368" status="PASS">
          <reporter-output>
          </reporter-output>
        </test-method> <!-- BT -->
        <test-method signature="testcase1()[pri:0, instance:casestudy.testng@130f889]" started-at="2022-10-20T17:55:26Z" name="testcase1" finished-at="2022-10-20T17:55:42Z" duration-ms="16094" status="PASS">
          <reporter-output>
          </reporter-output>
        </test-method> <!-- testcase1 -->
        <test-method signature="testcase2()[pri:1, instance:casestudy.testng@130f889]" started-at="2022-10-20T17:55:42Z" name="testcase2" finished-at="2022-10-20T17:55:43Z" duration-ms="1388" status="PASS">
          <reporter-output>
          </reporter-output>
        </test-method> <!-- testcase2 -->
        <test-method signature="testcase3()[pri:2, instance:casestudy.testng@130f889]" started-at="2022-10-20T17:55:43Z" name="testcase3" finished-at="2022-10-20T17:56:44Z" duration-ms="60547" status="PASS">
          <reporter-output>
          </reporter-output>
        </test-method> <!-- testcase3 -->
        <test-method is-config="true" signature="B()[pri:0, instance:casestudy.testng@130f889]" started-at="2022-10-20T17:56:44Z" name="B" finished-at="2022-10-20T17:56:53Z" duration-ms="9019" status="PASS">
          <reporter-output>
          </reporter-output>
        </test-method> <!-- B -->
      </class> <!-- casestudy.testng -->
    </test> <!-- Surefire test -->
  </suite> <!-- Surefire suite -->
</testng-results>
