<?xml version="1.0" encoding="UTF-8"?>
<testng-results total="3" passed="3" failed="0" skipped="0">
  <reporter-output>
  </reporter-output>
  <suite started-at="2022-10-20T11:47:47Z" name="Default suite" finished-at="2022-10-20T11:49:40Z" duration-ms="112528">
    <groups>
    </groups>
    <test started-at="2022-10-20T11:47:47Z" name="Default test" finished-at="2022-10-20T11:49:40Z" duration-ms="112528">
      <class name="casestudy.testng">
        <test-method is-config="true" signature="BT()[pri:0, instance:casestudy.testng@41005828]" started-at="2022-10-20T17:17:47Z" name="BT" finished-at="2022-10-20T17:18:55Z" duration-ms="67649" status="PASS">
          <reporter-output>
          </reporter-output>
        </test-method> <!-- BT -->
        <test-method signature="testcase1()[pri:0, instance:casestudy.testng@41005828]" started-at="2022-10-20T17:18:55Z" name="testcase1" finished-at="2022-10-20T17:19:02Z" duration-ms="7722" status="PASS">
          <reporter-output>
          </reporter-output>
        </test-method> <!-- testcase1 -->
        <test-method signature="testcase2()[pri:1, instance:casestudy.testng@41005828]" started-at="2022-10-20T17:19:02Z" name="testcase2" finished-at="2022-10-20T17:19:07Z" duration-ms="4874" status="PASS">
          <reporter-output>
          </reporter-output>
        </test-method> <!-- testcase2 -->
        <test-method signature="testcase3()[pri:2, instance:casestudy.testng@41005828]" started-at="2022-10-20T17:19:07Z" name="testcase3" finished-at="2022-10-20T17:19:34Z" duration-ms="26422" status="PASS">
          <reporter-output>
          </reporter-output>
        </test-method> <!-- testcase3 -->
        <test-method is-config="true" signature="B()[pri:0, instance:casestudy.testng@41005828]" started-at="2022-10-20T17:19:34Z" name="B" finished-at="2022-10-20T17:19:40Z" duration-ms="5552" status="PASS">
          <reporter-output>
          </reporter-output>
        </test-method> <!-- B -->
      </class> <!-- casestudy.testng -->
    </test> <!-- Default test -->
  </suite> <!-- Default suite -->
</testng-results>
